#
# There is insufficient memory for the Java Runtime Environment to continue.
# Native memory allocation (mmap) failed to map 301989888 bytes for G1 virtual space
# Possible reasons:
#   The system is out of physical RAM or swap space
#   The process is running with CompressedOops enabled, and the Java Heap may be blocking the growth of the native heap
# Possible solutions:
#   Reduce memory load on the system
#   Increase physical memory or swap space
#   Check if swap backing store is full
#   Decrease Java heap size (-Xmx/-Xms)
#   Decrease number of Java threads
#   Decrease Java thread stack sizes (-Xss)
#   Set larger code cache with -XX:ReservedCodeCacheSize=
#   JVM is running with Zero Based Compressed Oops mode in which the Java heap is
#     placed in the first 32GB address space. The Java Heap base address is the
#     maximum limit for the native heap growth. Please use -XX:HeapBaseMinAddress
#     to set the Java Heap base and to place the Java Heap above 32GB virtual address.
# This output file may be truncated or incomplete.
#
#  Out of Memory Error (os_windows.cpp:3557), pid=12256, tid=8792
#
# JRE version:  (17.0.6+10) (build )
# Java VM: OpenJDK 64-Bit Server VM (17.0.6+10, mixed mode, sharing, tiered, compressed oops, compressed class ptrs, g1 gc, windows-amd64)
# No core dump will be written. Minidumps are not enabled by default on client versions of Windows
#

---------------  S U M M A R Y ------------

Command Line: 

Host: AMD Ryzen 5 3500U with Radeon Vega Mobile Gfx  , 8 cores, 17G,  Windows 10 , 64 bit Build 19041 (10.0.19041.2788)
Time: Thu May 11 13:47:48 2023 Hora Padrão Brasil Central elapsed time: 0.018390 seconds (0d 0h 0m 0s)

---------------  T H R E A D  ---------------

Current thread (0x0000021c5cfa5530):  JavaThread "Unknown thread" [_thread_in_vm, id=8792, stack(0x0000003d06800000,0x0000003d06900000)]

Stack: [0x0000003d06800000,0x0000003d06900000]
Native frames: (J=compiled Java code, j=interpreted, Vv=VM code, C=native code)
V  [jvm.dll+0x67741a]
V  [jvm.dll+0x834434]
V  [jvm.dll+0x835bde]
V  [jvm.dll+0x836243]
V  [jvm.dll+0x2457b5]
V  [jvm.dll+0x674329]
V  [jvm.dll+0x6689da]
V  [jvm.dll+0x30489b]
V  [jvm.dll+0x30bd96]
V  [jvm.dll+0x35b57e]
V  [jvm.dll+0x35b7af]
V  [jvm.dll+0x2db778]
V  [jvm.dll+0x2dc6e4]
V  [jvm.dll+0x806131]
V  [jvm.dll+0x369331]
V  [jvm.dll+0x7e56ac]
V  [jvm.dll+0x3eb35f]
V  [jvm.dll+0x3ecea1]
C  [jli.dll+0x5267]
C  [ucrtbase.dll+0x21bb2]
C  [KERNEL32.DLL+0x17604]
C  [ntdll.dll+0x526a1]


---------------  P R O C E S S  ---------------

Threads class SMR info:
_java_thread_list=0x00007ffd2b825fd8, length=0, elements={
}

Java Threads: ( => current thread )

Other Threads:
  0x0000021c5d012b40 GCTaskThread "GC Thread#0" [stack: 0x0000003d06900000,0x0000003d06a00000] [id=10052]
  0x0000021c5d01d1a0 ConcurrentGCThread "G1 Main Marker" [stack: 0x0000003d06a00000,0x0000003d06b00000] [id=19656]
  0x0000021c5d01dbb0 ConcurrentGCThread "G1 Conc#0" [stack: 0x0000003d06b00000,0x0000003d06c00000] [id=14344]

[error occurred during error reporting (printing all threads), id 0xc0000005, EXCEPTION_ACCESS_VIOLATION (0xc0000005) at pc=0x00007ffd2affc1e7]

VM state: not at safepoint (not fully initialized)

VM Mutex/Monitor currently owned by a thread:  ([mutex/lock_event])
[0x0000021c5cfa1c30] Heap_lock - owner thread: 0x0000021c5cfa5530

Heap address: 0x00000006e1c00000, size: 4580 MB, Compressed Oops mode: Zero based, Oop shift amount: 3

CDS archive(s) mapped at: [0x0000000000000000-0x0000000000000000-0x0000000000000000), size 0, SharedBaseAddress: 0x0000000800000000, ArchiveRelocationMode: 0.
Narrow klass base: 0x0000000000000000, Narrow klass shift: 0, Narrow klass range: 0x0

GC Precious Log:
<Empty>

Heap:
 garbage-first heap   total 0K, used 0K [0x00000006e1c00000, 0x0000000800000000)
  region size 4096K, 0 young (0K), 0 survivors (0K)

[error occurred during error reporting (printing heap information), id 0xc0000005, EXCEPTION_ACCESS_VIOLATION (0xc0000005) at pc=0x00007ffd2b3e06f9]

GC Heap History (0 events):
No events

Dll operation events (1 events):
Event: 0.011 Loaded shared library C:\Program Files\Eclipse Adoptium\jdk-17.0.6.10-hotspot\bin\java.dll

Deoptimization events (0 events):
No events

Classes unloaded (0 events):
No events

Classes redefined (0 events):
No events

Internal exceptions (0 events):
No events

VM Operations (0 events):
No events

Events (0 events):
No events


Dynamic libraries:
0x00007ff6814d0000 - 0x00007ff6814de000 	C:\Program Files\Eclipse Adoptium\jdk-17.0.6.10-hotspot\bin\java.exe
0x00007ffd7afb0000 - 0x00007ffd7b1a8000 	C:\WINDOWS\SYSTEM32\ntdll.dll
0x00007ffd797e0000 - 0x00007ffd7989f000 	C:\WINDOWS\System32\KERNEL32.DLL
0x00007ffd787c0000 - 0x00007ffd78a9a000 	C:\WINDOWS\System32\KERNELBASE.dll
0x00007ffd78aa0000 - 0x00007ffd78ba0000 	C:\WINDOWS\System32\ucrtbase.dll
0x00007ffd73710000 - 0x00007ffd73727000 	C:\Program Files\Eclipse Adoptium\jdk-17.0.6.10-hotspot\bin\jli.dll
0x00007ffd736a0000 - 0x00007ffd736b9000 	C:\Program Files\Eclipse Adoptium\jdk-17.0.6.10-hotspot\bin\VCRUNTIME140.dll
0x00007ffd79bd0000 - 0x00007ffd79d6d000 	C:\WINDOWS\System32\USER32.dll
0x00007ffd67ec0000 - 0x00007ffd6815a000 	C:\WINDOWS\WinSxS\amd64_microsoft.windows.common-controls_6595b64144ccf1df_6.0.19041.1110_none_60b5254171f9507e\COMCTL32.dll
0x00007ffd78d70000 - 0x00007ffd78d92000 	C:\WINDOWS\System32\win32u.dll
0x00007ffd7a780000 - 0x00007ffd7a81e000 	C:\WINDOWS\System32\msvcrt.dll
0x00007ffd7a470000 - 0x00007ffd7a49b000 	C:\WINDOWS\System32\GDI32.dll
0x00007ffd78f00000 - 0x00007ffd79010000 	C:\WINDOWS\System32\gdi32full.dll
0x00007ffd78e60000 - 0x00007ffd78efd000 	C:\WINDOWS\System32\msvcp_win.dll
0x00007ffd7a240000 - 0x00007ffd7a270000 	C:\WINDOWS\System32\IMM32.DLL
0x00007ffd73e50000 - 0x00007ffd73e5c000 	C:\Program Files\Eclipse Adoptium\jdk-17.0.6.10-hotspot\bin\vcruntime140_1.dll
0x00007ffd4d1c0000 - 0x00007ffd4d251000 	C:\Program Files\Eclipse Adoptium\jdk-17.0.6.10-hotspot\bin\msvcp140.dll
0x00007ffd2ad10000 - 0x00007ffd2b957000 	C:\Program Files\Eclipse Adoptium\jdk-17.0.6.10-hotspot\bin\server\jvm.dll
0x00007ffd796a0000 - 0x00007ffd7974e000 	C:\WINDOWS\System32\ADVAPI32.dll
0x00007ffd7a320000 - 0x00007ffd7a3bc000 	C:\WINDOWS\System32\sechost.dll
0x00007ffd7a100000 - 0x00007ffd7a226000 	C:\WINDOWS\System32\RPCRT4.dll
0x00007ffd6ce30000 - 0x00007ffd6ce57000 	C:\WINDOWS\SYSTEM32\WINMM.dll
0x00007ffd62e80000 - 0x00007ffd62e89000 	C:\WINDOWS\SYSTEM32\WSOCK32.dll
0x00007ffd71840000 - 0x00007ffd7184a000 	C:\WINDOWS\SYSTEM32\VERSION.dll
0x00007ffd79a30000 - 0x00007ffd79a9b000 	C:\WINDOWS\System32\WS2_32.dll
0x00007ffd76f00000 - 0x00007ffd76f12000 	C:\WINDOWS\SYSTEM32\kernel.appcore.dll
0x00007ffd73700000 - 0x00007ffd7370a000 	C:\Program Files\Eclipse Adoptium\jdk-17.0.6.10-hotspot\bin\jimage.dll
0x00007ffd76cc0000 - 0x00007ffd76ea4000 	C:\WINDOWS\SYSTEM32\DBGHELP.DLL
0x00007ffd66650000 - 0x00007ffd66684000 	C:\WINDOWS\SYSTEM32\dbgcore.DLL
0x00007ffd78dd0000 - 0x00007ffd78e52000 	C:\WINDOWS\System32\bcryptPrimitives.dll
0x00007ffd73670000 - 0x00007ffd73695000 	C:\Program Files\Eclipse Adoptium\jdk-17.0.6.10-hotspot\bin\java.dll

dbghelp: loaded successfully - version: 4.0.5 - missing functions: none
symbol engine: initialized successfully - sym options: 0x614 - pdb path: .;C:\Program Files\Eclipse Adoptium\jdk-17.0.6.10-hotspot\bin;C:\WINDOWS\SYSTEM32;C:\WINDOWS\WinSxS\amd64_microsoft.windows.common-controls_6595b64144ccf1df_6.0.19041.1110_none_60b5254171f9507e;C:\Program Files\Eclipse Adoptium\jdk-17.0.6.10-hotspot\bin\server

VM Arguments:
java_command: <unknown>
java_class_path (initial): <not set>
Launcher Type: SUN_STANDARD

[Global flags]
     intx CICompilerCount                          = 4                                         {product} {ergonomic}
     uint ConcGCThreads                            = 2                                         {product} {ergonomic}
     uint G1ConcRefinementThreads                  = 8                                         {product} {ergonomic}
   size_t G1HeapRegionSize                         = 4194304                                   {product} {ergonomic}
    uintx GCDrainStackTargetSize                   = 64                                        {product} {ergonomic}
   size_t InitialHeapSize                          = 301989888                                 {product} {ergonomic}
   size_t MarkStackSize                            = 4194304                                   {product} {ergonomic}
   size_t MaxHeapSize                              = 4802478080                                {product} {ergonomic}
   size_t MinHeapDeltaBytes                        = 4194304                                   {product} {ergonomic}
   size_t MinHeapSize                              = 8388608                                   {product} {ergonomic}
    uintx NonNMethodCodeHeapSize                   = 5839372                                {pd product} {ergonomic}
    uintx NonProfiledCodeHeapSize                  = 122909434                              {pd product} {ergonomic}
    uintx ProfiledCodeHeapSize                     = 122909434                              {pd product} {ergonomic}
    uintx ReservedCodeCacheSize                    = 251658240                              {pd product} {ergonomic}
     bool SegmentedCodeCache                       = true                                      {product} {ergonomic}
   size_t SoftMaxHeapSize                          = 4802478080                             {manageable} {ergonomic}
     bool UseCompressedClassPointers               = true                           {product lp64_product} {ergonomic}
     bool UseCompressedOops                        = true                           {product lp64_product} {ergonomic}
     bool UseG1GC                                  = true                                      {product} {ergonomic}
     bool UseLargePagesIndividualAllocation        = false                                  {pd product} {ergonomic}

Logging:
Log output configuration:
 #0: stdout all=warning uptime,level,tags
 #1: stderr all=off uptime,level,tags

Environment Variables:
PATH=C:\Users\el_va\OneDrive\Documentos\Programação\React_Native\react-native-maps-studys-main\GetMyLocation\android\node_modules\.bin;C:\Users\el_va\OneDrive\Documentos\Programação\React_Native\react-native-maps-studys-main\GetMyLocation\node_modules\.bin;C:\Users\el_va\OneDrive\Documentos\Programação\React_Native\react-native-maps-studys-main\node_modules\.bin;C:\Users\el_va\OneDrive\Documentos\Programação\React_Native\node_modules\.bin;C:\Users\el_va\OneDrive\Documentos\Programação\node_modules\.bin;C:\Users\el_va\OneDrive\Documentos\node_modules\.bin;C:\Users\el_va\OneDrive\node_modules\.bin;C:\Users\el_va\node_modules\.bin;C:\Users\node_modules\.bin;C:\node_modules\.bin;C:\Program Files\nodejs;C:\Users\el_va\OneDrive\Documentos\Programação\React_Native\react-native-maps-studys-main\GetMyLocation\node_modules\.bin;C:\Users\el_va\OneDrive\Documentos\Programação\React_Native\react-native-maps-studys-main\GetMyLocation\node_modules\.bin;C:\Users\el_va\OneDrive\Documentos\Programação\React_Native\react-native-maps-studys-main\node_modules\.bin;C:\Users\el_va\OneDrive\Documentos\Programação\React_Native\node_modules\.bin;C:\Users\el_va\OneDrive\Documentos\Programação\node_modules\.bin;C:\Users\el_va\OneDrive\Documentos\node_modules\.bin;C:\Users\el_va\OneDrive\node_modules\.bin;C:\Users\el_va\node_modules\.bin;C:\Users\node_modules\.bin;C:\node_modules\.bin;C:\Users\el_va\AppData\Roaming\npm\node_modules\npm\node_modules\@npmcli\run-script\lib\node-gyp-bin;C:\Users\el_va\bin;C:\Program Files\Git\mingw64\bin;C:\Program Files\Git\usr\local\bin;C:\Program Files\Git\usr\bin;C:\Program Files\Git\usr\bin;C:\Program Files\Git\mingw64\bin;C:\Program Files\Git\usr\bin;C:\Users\el_va\bin;C:\Program Files\Eclipse Adoptium\jdk-17.0.6.10-hotspot\bin;C:\Program Files\Common Files\Oracle\Java\javapath;C:\Program Files (x86)\Common Files\Oracle\Java\javapath;C:\WINDOWS\system32;C:\WINDOWS;C:\WINDOWS\System32\Wbem;C:\WINDOWS\System32\WindowsPowerShell\v1.0;C:\WINDOWS\System32\OpenSSH;C:
USERNAME=el_va
SHELL=C:\Program Files\Git\usr\bin\bash.exe
DISPLAY=needs-to-be-defined
LANG=en_US.UTF-8
TERM=xterm-256color
TMPDIR=C:\Users\el_va\AppData\Local\Temp
OS=Windows_NT
PROCESSOR_IDENTIFIER=AMD64 Family 23 Model 24 Stepping 1, AuthenticAMD
TMP=C:\Users\el_va\AppData\Local\Temp
TEMP=C:\Users\el_va\AppData\Local\Temp



---------------  S Y S T E M  ---------------

OS:
 Windows 10 , 64 bit Build 19041 (10.0.19041.2788)
OS uptime: 1 days 5:25 hours
Hyper-V role detected

CPU: total 8 (initial active 8) (8 cores per cpu, 2 threads per core) family 23 model 24 stepping 1 microcode 0x0, cx8, cmov, fxsr, ht, mmx, 3dnowpref, sse, sse2, sse3, ssse3, sse4a, sse4.1, sse4.2, popcnt, lzcnt, tsc, tscinvbit, avx, avx2, aes, clmul, bmi1, bmi2, adx, sha, fma, vzeroupper, clflush, clflushopt, hv

Memory: 4k page, system-wide physical 18308M (6980M free)
TotalPageFile size 19348M (AvailPageFile size 193M)
current process WorkingSet (physical memory assigned to process): 10M, peak: 10M
current process commit charge ("private bytes"): 60M, peak: 348M

vm_info: OpenJDK 64-Bit Server VM (17.0.6+10) for windows-amd64 JRE (17.0.6+10), built on Jan 18 2023 10:08:59 by "temurin" with MS VC++ 16.7 (VS2019)

END.
